# JRE version: Java(TM) SE Runtime Environment (8.0_05-b13) (build 1.8.0_05-b13)
# Java VM: Java HotSpot(TM) 64-Bit Server VM (25.5-b02 mixed mode bsd-amd64 compressed oops)
Heap:
 PSYoungGen      total 8192K, used 6122K [0x00000007aab00000, 0x00000007ab600000, 0x00000007c0000000)
  eden space 6656K, 72% used [0x00000007aab00000,0x00000007aafb3390,0x00000007ab180000)
  from space 1536K, 85% used [0x00000007ab380000,0x00000007ab4c7580,0x00000007ab500000)
  to   space 2048K, 0% used [0x00000007ab180000,0x00000007ab180000,0x00000007ab380000)
 ParOldGen       total 64000K, used 13921K [0x0000000780000000, 0x0000000783e80000, 0x00000007aab00000)
  object space 64000K, 21% used [0x0000000780000000,0x0000000780d984d0,0x0000000783e80000)
 Metaspace       used 9507K, capacity 9615K, committed 9728K, reserved 1058816K
  class space    used 982K, capacity 1010K, committed 1024K, reserved 1048576K
GC Heap History (10 events):
Event: 0.304 GC heap before
{Heap before GC invocations=4 (full 0):
 PSYoungGen      total 1536K, used 1504K [0x00000007aab00000, 0x00000007aae00000, 0x00000007c0000000)
  eden space 1024K, 100% used [0x00000007aab00000,0x00000007aac00000,0x00000007aac00000)
  from space 512K, 93% used [0x00000007aac00000,0x00000007aac78020,0x00000007aac80000)
  to   space 512K, 0% used [0x00000007aad80000,0x00000007aad80000,0x00000007aae00000)
 ParOldGen       total 64000K, used 247K [0x0000000780000000, 0x0000000783e80000, 0x00000007aab00000)
  object space 64000K, 0% used [0x0000000780000000,0x000000078003dff8,0x0000000783e80000)
 Metaspace       used 3586K, capacity 4792K, committed 5120K, reserved 1056768K
  class space    used 384K, capacity 424K, committed 512K, reserved 1048576K
Event: 0.305 GC heap after
Heap after GC invocations=4 (full 0):
 PSYoungGen      total 2560K, used 496K [0x00000007aab00000, 0x00000007aae00000, 0x00000007c0000000)
  eden space 2048K, 0% used [0x00000007aab00000,0x00000007aab00000,0x00000007aad00000)
  from space 512K, 96% used [0x00000007aad80000,0x00000007aadfc010,0x00000007aae00000)
  to   space 512K, 0% used [0x00000007aad00000,0x00000007aad00000,0x00000007aad80000)
 ParOldGen       total 64000K, used 513K [0x0000000780000000, 0x0000000783e80000, 0x00000007aab00000)
  object space 64000K, 0% used [0x0000000780000000,0x0000000780080708,0x0000000783e80000)
 Metaspace       used 3586K, capacity 4792K, committed 5120K, reserved 1056768K
  class space    used 384K, capacity 424K, committed 512K, reserved 1048576K
}
Event: 0.520 GC heap before
{Heap before GC invocations=5 (full 0):
 PSYoungGen      total 2560K, used 2544K [0x00000007aab00000, 0x00000007aae00000, 0x00000007c0000000)
  eden space 2048K, 100% used [0x00000007aab00000,0x00000007aad00000,0x00000007aad00000)
  from space 512K, 96% used [0x00000007aad80000,0x00000007aadfc010,0x00000007aae00000)
  to   space 512K, 0% used [0x00000007aad00000,0x00000007aad00000,0x00000007aad80000)
 ParOldGen       total 64000K, used 513K [0x0000000780000000, 0x0000000783e80000, 0x00000007aab00000)
  object space 64000K, 0% used [0x0000000780000000,0x0000000780080708,0x0000000783e80000)
 Metaspace       used 5023K, capacity 5210K, committed 5248K, reserved 1056768K
  class space    used 562K, capacity 621K, committed 640K, reserved 1048576K
Event: 0.523 GC heap after
Heap after GC invocations=5 (full 0):
 PSYoungGen      total 2560K, used 496K [0x00000007aab00000, 0x00000007ab100000, 0x00000007c0000000)
  eden space 2048K, 0% used [0x00000007aab00000,0x00000007aab00000,0x00000007aad00000)
  from space 512K, 96% used [0x00000007aad00000,0x00000007aad7c010,0x00000007aad80000)
  to   space 1024K, 0% used [0x00000007ab000000,0x00000007ab000000,0x00000007ab100000)
 ParOldGen       total 64000K, used 925K [0x0000000780000000, 0x0000000783e80000, 0x00000007aab00000)
  object space 64000K, 1% used [0x0000000780000000,0x00000007800e74d0,0x0000000783e80000)
 Metaspace       used 5023K, capacity 5210K, committed 5248K, reserved 1056768K
  class space    used 562K, capacity 621K, committed 640K, reserved 1048576K
}
Event: 0.624 GC heap before
{Heap before GC invocations=6 (full 0):
 PSYoungGen      total 2560K, used 2544K [0x00000007aab00000, 0x00000007ab100000, 0x00000007c0000000)
  eden space 2048K, 100% used [0x00000007aab00000,0x00000007aad00000,0x00000007aad00000)
  from space 512K, 96% used [0x00000007aad00000,0x00000007aad7c010,0x00000007aad80000)
  to   space 1024K, 0% used [0x00000007ab000000,0x00000007ab000000,0x00000007ab100000)
 ParOldGen       total 64000K, used 925K [0x0000000780000000, 0x0000000783e80000, 0x00000007aab00000)
  object space 64000K, 1% used [0x0000000780000000,0x00000007800e74d0,0x0000000783e80000)
 Metaspace       used 5820K, capacity 5940K, committed 6144K, reserved 1056768K
  class space    used 642K, capacity 690K, committed 768K, reserved 1048576K
Event: 0.626 GC heap after
Heap after GC invocations=6 (full 0):
 PSYoungGen      total 4608K, used 1008K [0x00000007aab00000, 0x00000007ab200000, 0x00000007c0000000)
  eden space 3584K, 0% used [0x00000007aab00000,0x00000007aab00000,0x00000007aae80000)
  from space 1024K, 98% used [0x00000007ab000000,0x00000007ab0fc298,0x00000007ab100000)
  to   space 1536K, 0% used [0x00000007aae80000,0x00000007aae80000,0x00000007ab000000)
 ParOldGen       total 64000K, used 933K [0x0000000780000000, 0x0000000783e80000, 0x00000007aab00000)
  object space 64000K, 1% used [0x0000000780000000,0x00000007800e94d0,0x0000000783e80000)
 Metaspace       used 5820K, capacity 5940K, committed 6144K, reserved 1056768K
  class space    used 642K, capacity 690K, committed 768K, reserved 1048576K
}
Event: 0.827 GC heap before
{Heap before GC invocations=7 (full 0):
 PSYoungGen      total 4608K, used 4592K [0x00000007aab00000, 0x00000007ab200000, 0x00000007c0000000)
  eden space 3584K, 100% used [0x00000007aab00000,0x00000007aae80000,0x00000007aae80000)
  from space 1024K, 98% used [0x00000007ab000000,0x00000007ab0fc298,0x00000007ab100000)
  to   space 1536K, 0% used [0x00000007aae80000,0x00000007aae80000,0x00000007ab000000)
 ParOldGen       total 64000K, used 933K [0x0000000780000000, 0x0000000783e80000, 0x00000007aab00000)
  object space 64000K, 1% used [0x0000000780000000,0x00000007800e94d0,0x0000000783e80000)
 Metaspace       used 7029K, capacity 7119K, committed 7168K, reserved 1056768K
  class space    used 695K, capacity 754K, committed 768K, reserved 1048576K
Event: 0.830 GC heap after
Heap after GC invocations=7 (full 0):
 PSYoungGen      total 5120K, used 1398K [0x00000007aab00000, 0x00000007ab500000, 0x00000007c0000000)
  eden space 3584K, 0% used [0x00000007aab00000,0x00000007aab00000,0x00000007aae80000)
  from space 1536K, 91% used [0x00000007aae80000,0x00000007aafdda88,0x00000007ab000000)
  to   space 1536K, 0% used [0x00000007ab380000,0x00000007ab380000,0x00000007ab500000)
 ParOldGen       total 64000K, used 1125K [0x0000000780000000, 0x0000000783e80000, 0x00000007aab00000)
  object space 64000K, 1% used [0x0000000780000000,0x0000000780119500,0x0000000783e80000)
 Metaspace       used 7029K, capacity 7119K, committed 7168K, reserved 1056768K
  class space    used 695K, capacity 754K, committed 768K, reserved 1048576K
}
Event: 0.966 GC heap before
{Heap before GC invocations=8 (full 0):
 PSYoungGen      total 5120K, used 4978K [0x00000007aab00000, 0x00000007ab500000, 0x00000007c0000000)
  eden space 3584K, 99% used [0x00000007aab00000,0x00000007aae7f0b0,0x00000007aae80000)
  from space 1536K, 91% used [0x00000007aae80000,0x00000007aafdda88,0x00000007ab000000)
  to   space 1536K, 0% used [0x00000007ab380000,0x00000007ab380000,0x00000007ab500000)
 ParOldGen       total 64000K, used 1125K [0x0000000780000000, 0x0000000783e80000, 0x00000007aab00000)
  object space 64000K, 1% used [0x0000000780000000,0x0000000780119500,0x0000000783e80000)
 Metaspace       used 8472K, capacity 8591K, committed 8832K, reserved 1056768K
  class space    used 857K, capacity 882K, committed 896K, reserved 1048576K
Event: 0.968 GC heap after
Heap after GC invocations=8 (full 0):
 PSYoungGen      total 8192K, used 1309K [0x00000007aab00000, 0x00000007ab600000, 0x00000007c0000000)
  eden space 6656K, 0% used [0x00000007aab00000,0x00000007aab00000,0x00000007ab180000)
  from space 1536K, 85% used [0x00000007ab380000,0x00000007ab4c7580,0x00000007ab500000)
  to   space 2048K, 0% used [0x00000007ab180000,0x00000007ab180000,0x00000007ab380000)
 ParOldGen       total 64000K, used 1285K [0x0000000780000000, 0x0000000783e80000, 0x00000007aab00000)
  object space 64000K, 2% used [0x0000000780000000,0x0000000780141500,0x0000000783e80000)
 Metaspace       used 8472K, capacity 8591K, committed 8832K, reserved 1056768K
  class space    used 857K, capacity 882K, committed 896K, reserved 1048576K
}

